# JRE version: Java(TM) SE Runtime Environment (8.0_51-b16) (build 1.8.0_51-b16)
# Java VM: Java HotSpot(TM) 64-Bit Server VM (25.51-b03 mixed mode bsd-amd64 compressed oops)
Heap:
 PSYoungGen      total 232960K, used 35525K [0x00000007aab00000, 0x00000007c0000000, 0x00000007c0000000)
  eden space 116736K, 0% used [0x00000007aab00000,0x00000007aab00000,0x00000007b1d00000)
  from space 116224K, 30% used [0x00000007b8e80000,0x00000007bb131628,0x00000007c0000000)
  to   space 116224K, 0% used [0x00000007b1d00000,0x00000007b1d00000,0x00000007b8e80000)
 ParOldGen       total 307712K, used 300096K [0x0000000780000000, 0x0000000792c80000, 0x00000007aab00000)
  object space 307712K, 97% used [0x0000000780000000,0x00000007925100c8,0x0000000792c80000)
 Metaspace       used 6389K, capacity 7220K, committed 7296K, reserved 1056768K
  class space    used 606K, capacity 620K, committed 640K, reserved 1048576K
GC Heap History (10 events):
Event: 22.012 GC heap after
Heap after GC invocations=14 (full 2):
 PSYoungGen      total 239616K, used 80397K [0x00000007aab00000, 0x00000007c0000000, 0x00000007c0000000)
  eden space 151552K, 0% used [0x00000007aab00000,0x00000007aab00000,0x00000007b3f00000)
  from space 88064K, 91% used [0x00000007baa00000,0x00000007bf883598,0x00000007c0000000)
  to   space 98816K, 0% used [0x00000007b3f00000,0x00000007b3f00000,0x00000007b9f80000)
 ParOldGen       total 307712K, used 173332K [0x0000000780000000, 0x0000000792c80000, 0x00000007aab00000)
  object space 307712K, 56% used [0x0000000780000000,0x000000078a9452c0,0x0000000792c80000)
 Metaspace       used 6381K, capacity 7220K, committed 7296K, reserved 1056768K
  class space    used 606K, capacity 620K, committed 640K, reserved 1048576K
}
Event: 23.641 GC heap before
{Heap before GC invocations=15 (full 2):
 PSYoungGen      total 239616K, used 231949K [0x00000007aab00000, 0x00000007c0000000, 0x00000007c0000000)
  eden space 151552K, 100% used [0x00000007aab00000,0x00000007b3f00000,0x00000007b3f00000)
  from space 88064K, 91% used [0x00000007baa00000,0x00000007bf883598,0x00000007c0000000)
  to   space 98816K, 0% used [0x00000007b3f00000,0x00000007b3f00000,0x00000007b9f80000)
 ParOldGen       total 307712K, used 173332K [0x0000000780000000, 0x0000000792c80000, 0x00000007aab00000)
  object space 307712K, 56% used [0x0000000780000000,0x000000078a9452c0,0x0000000792c80000)
 Metaspace       used 6383K, capacity 7220K, committed 7296K, reserved 1056768K
  class space    used 606K, capacity 620K, committed 640K, reserved 1048576K
Event: 23.816 GC heap after
Heap after GC invocations=15 (full 2):
 PSYoungGen      total 250368K, used 98814K [0x00000007aab00000, 0x00000007c0000000, 0x00000007c0000000)
  eden space 151552K, 0% used [0x00000007aab00000,0x00000007aab00000,0x00000007b3f00000)
  from space 98816K, 99% used [0x00000007b3f00000,0x00000007b9f7f898,0x00000007b9f80000)
  to   space 98816K, 0% used [0x00000007b9f80000,0x00000007b9f80000,0x00000007c0000000)
 ParOldGen       total 307712K, used 177753K [0x0000000780000000, 0x0000000792c80000, 0x00000007aab00000)
  object space 307712K, 57% used [0x0000000780000000,0x000000078ad967c0,0x0000000792c80000)
 Metaspace       used 6383K, capacity 7220K, committed 7296K, reserved 1056768K
  class space    used 606K, capacity 620K, committed 640K, reserved 1048576K
}
Event: 24.788 GC heap before
{Heap before GC invocations=16 (full 2):
 PSYoungGen      total 250368K, used 250366K [0x00000007aab00000, 0x00000007c0000000, 0x00000007c0000000)
  eden space 151552K, 100% used [0x00000007aab00000,0x00000007b3f00000,0x00000007b3f00000)
  from space 98816K, 99% used [0x00000007b3f00000,0x00000007b9f7f898,0x00000007b9f80000)
  to   space 98816K, 0% used [0x00000007b9f80000,0x00000007b9f80000,0x00000007c0000000)
 ParOldGen       total 307712K, used 177753K [0x0000000780000000, 0x0000000792c80000, 0x00000007aab00000)
  object space 307712K, 57% used [0x0000000780000000,0x000000078ad967c0,0x0000000792c80000)
 Metaspace       used 6385K, capacity 7220K, committed 7296K, reserved 1056768K
  class space    used 606K, capacity 620K, committed 640K, reserved 1048576K
Event: 25.002 GC heap after
Heap after GC invocations=16 (full 2):
 PSYoungGen      total 215552K, used 91993K [0x00000007aab00000, 0x00000007c0000000, 0x00000007c0000000)
  eden space 116736K, 0% used [0x00000007aab00000,0x00000007aab00000,0x00000007b1d00000)
  from space 98816K, 93% used [0x00000007b9f80000,0x00000007bf956530,0x00000007c0000000)
  to   space 116224K, 0% used [0x00000007b1d00000,0x00000007b1d00000,0x00000007b8e80000)
 ParOldGen       total 307712K, used 207808K [0x0000000780000000, 0x0000000792c80000, 0x00000007aab00000)
  object space 307712K, 67% used [0x0000000780000000,0x000000078caf00d8,0x0000000792c80000)
 Metaspace       used 6385K, capacity 7220K, committed 7296K, reserved 1056768K
  class space    used 606K, capacity 620K, committed 640K, reserved 1048576K
}
Event: 25.520 GC heap before
{Heap before GC invocations=17 (full 2):
 PSYoungGen      total 215552K, used 208729K [0x00000007aab00000, 0x00000007c0000000, 0x00000007c0000000)
  eden space 116736K, 100% used [0x00000007aab00000,0x00000007b1d00000,0x00000007b1d00000)
  from space 98816K, 93% used [0x00000007b9f80000,0x00000007bf956530,0x00000007c0000000)
  to   space 116224K, 0% used [0x00000007b1d00000,0x00000007b1d00000,0x00000007b8e80000)
 ParOldGen       total 307712K, used 207808K [0x0000000780000000, 0x0000000792c80000, 0x00000007aab00000)
  object space 307712K, 67% used [0x0000000780000000,0x000000078caf00d8,0x0000000792c80000)
 Metaspace       used 6387K, capacity 7220K, committed 7296K, reserved 1056768K
  class space    used 606K, capacity 620K, committed 640K, reserved 1048576K
Event: 25.815 GC heap after
Heap after GC invocations=17 (full 2):
 PSYoungGen      total 232960K, used 63193K [0x00000007aab00000, 0x00000007c0000000, 0x00000007c0000000)
  eden space 116736K, 0% used [0x00000007aab00000,0x00000007aab00000,0x00000007b1d00000)
  from space 116224K, 54% used [0x00000007b1d00000,0x00000007b5ab6798,0x00000007b8e80000)
  to   space 116224K, 0% used [0x00000007b8e80000,0x00000007b8e80000,0x00000007c0000000)
 ParOldGen       total 307712K, used 254014K [0x0000000780000000, 0x0000000792c80000, 0x00000007aab00000)
  object space 307712K, 82% used [0x0000000780000000,0x000000078f80f808,0x0000000792c80000)
 Metaspace       used 6387K, capacity 7220K, committed 7296K, reserved 1056768K
  class space    used 606K, capacity 620K, committed 640K, reserved 1048576K
}
Event: 26.524 GC heap before
{Heap before GC invocations=18 (full 2):
 PSYoungGen      total 232960K, used 179929K [0x00000007aab00000, 0x00000007c0000000, 0x00000007c0000000)
  eden space 116736K, 100% used [0x00000007aab00000,0x00000007b1d00000,0x00000007b1d00000)
  from space 116224K, 54% used [0x00000007b1d00000,0x00000007b5ab6798,0x00000007b8e80000)
  to   space 116224K, 0% used [0x00000007b8e80000,0x00000007b8e80000,0x00000007c0000000)
 ParOldGen       total 307712K, used 254014K [0x0000000780000000, 0x0000000792c80000, 0x00000007aab00000)
  object space 307712K, 82% used [0x0000000780000000,0x000000078f80f808,0x0000000792c80000)
 Metaspace       used 6389K, capacity 7220K, committed 7296K, reserved 1056768K
  class space    used 606K, capacity 620K, committed 640K, reserved 1048576K
Event: 26.878 GC heap after
Heap after GC invocations=18 (full 2):
 PSYoungGen      total 232960K, used 35525K [0x00000007aab00000, 0x00000007c0000000, 0x00000007c0000000)
  eden space 116736K, 0% used [0x00000007aab00000,0x00000007aab00000,0x00000007b1d00000)
  from space 116224K, 30% used [0x00000007b8e80000,0x00000007bb131628,0x00000007c0000000)
  to   space 116224K, 0% used [0x00000007b1d00000,0x00000007b1d00000,0x00000007b8e80000)
 ParOldGen       total 307712K, used 300096K [0x0000000780000000, 0x0000000792c80000, 0x00000007aab00000)
  object space 307712K, 97% used [0x0000000780000000,0x00000007925100c8,0x0000000792c80000)
 Metaspace       used 6389K, capacity 7220K, committed 7296K, reserved 1056768K
  class space    used 606K, capacity 620K, committed 640K, reserved 1048576K
}
Event: 26.878 GC heap before
{Heap before GC invocations=19 (full 3):
 PSYoungGen      total 232960K, used 35525K [0x00000007aab00000, 0x00000007c0000000, 0x00000007c0000000)
  eden space 116736K, 0% used [0x00000007aab00000,0x00000007aab00000,0x00000007b1d00000)
  from space 116224K, 30% used [0x00000007b8e80000,0x00000007bb131628,0x00000007c0000000)
  to   space 116224K, 0% used [0x00000007b1d00000,0x00000007b1d00000,0x00000007b8e80000)
 ParOldGen       total 307712K, used 300096K [0x0000000780000000, 0x0000000792c80000, 0x00000007aab00000)
  object space 307712K, 97% used [0x0000000780000000,0x00000007925100c8,0x0000000792c80000)
 Metaspace       used 6389K, capacity 7220K, committed 7296K, reserved 1056768K
  class space    used 606K, capacity 620K, committed 640K, reserved 1048576K

